<!DOCTYPE html>
<html lang="en" >

<head>
    <meta charset="utf-8" />
    <meta http-equiv="X-UA-Compatible" content="IE=edge,chrome=1" />
    <meta name="viewport" content="width=device-width, initial-scale=1" />
    <meta name="generator" content="Hugo 0.55.6" />
    
    <link rel="canonical" href="https://github.com/mjczz/sqldoc/sqlopt/sql%E4%BC%98%E5%8C%965/" />
    <meta name="description" content="A hugo site using Edidor. &lt;br/&gt;&lt;br/&gt; Ctrl&#43;B toggle sidebar. ">
    

    <title>sql优化5 &middot; Edidor Demo</title>

    <link rel="shortcut icon" href="https://github.com/mjczz/sqldoc/images/favicon.ico" />

    <link rel="stylesheet" href="https://github.com/mjczz/sqldoc/css/main.css" />
    
        
        <link rel="stylesheet"
        href="https://cdnjs.cloudflare.com/ajax/libs/highlight.js/9.15.6/styles/atom-one-light.min.css">
        
    
    
    
</head>


<body class="loading light-mode">
    
<div class="top">
    <img class="logo" src="https://github.com/mjczz/sqldoc/images/logo.svg" alt="logo" />
</div>
<div class="bottom">
    <img class="logo" src="https://github.com/mjczz/sqldoc/images/logo.svg" alt="logo" />
</div>

    <header class="header">
    <ul class="menu clearfix control">
        

<li class="logo-container logo-default">
    <a href="https://github.com/mjczz/sqldoc/" class="btn logo-link">
        <img class="logo" src="https://github.com/mjczz/sqldoc/images/logo.svg" alt="logo" />
    </a>
</li>

        
        
        
        <li>
            <a href="/mjczz/sqldoc/" class="btn">
                首页
            </a>
        </li>
        
        
        
        <li>
            <a href="/mjczz/sqldoc/sqlopt" class="btn">
                sql优化
            </a>
        </li>
        
        
        
        <li>
            <a href="/mjczz/sqldoc/posts" class="btn">
                文章
            </a>
        </li>
        
        
        
        
        <li 
            class="">
            <a class="btn" id="theme-switcher-button">
                侧边栏
            </a>
            <ul class="sub-menu control">
                
                <li class="">
                    <a href="#"
                    
                        class="btn toggle-sidebar"
                    >切换</a>
                </li>
                
            </ul>
        </li>
        
        
        
        
        <li  id="theme-switcher" 
            class="">
            <a class="btn" id="theme-switcher-button">
                Theme
            </a>
            <ul class="sub-menu control">
                
                <li class="">
                    <a href="#"
                    
                        
                        data-theme="light" class="btn"
                        
                    >Light</a>
                </li>
                
                <li class="">
                    <a href="#"
                    
                        
                        data-theme="dark" class="btn"
                        
                    >Dark</a>
                </li>
                
                <li class="">
                    <a href="#"
                    
                        
                        data-theme="wild" class="btn"
                        
                    >Wild</a>
                </li>
                
                <li class="">
                    <a href="#"
                    
                        
                        class="export-wild btn"
                        
                    >Export Wild Style</a>
                </li>
                
            </ul>
        </li>
        
        
    </ul>
</header>

    <div class="middle">
        <nav class="sidebar">
            <ul class="posts control">
    
    <li><a class="no-break btn" href='/mjczz/sqldoc/sqlopt/sql%E4%BC%98%E5%8C%965/'><i class="icon icon-post"></i>sql优化5</a></li>
    
    <li><a class="no-break btn" href='/mjczz/sqldoc/sqlopt/sql%E4%BC%98%E5%8C%964/'><i class="icon icon-post"></i>sql优化4</a></li>
    
    <li><a class="no-break btn" href='/mjczz/sqldoc/sqlopt/sql%E4%BC%98%E5%8C%963/'><i class="icon icon-post"></i>sql优化3</a></li>
    
    <li><a class="no-break btn" href='/mjczz/sqldoc/sqlopt/sql%E4%BC%98%E5%8C%962/'><i class="icon icon-post"></i>sql优化2</a></li>
    
    <li><a class="no-break btn" href='/mjczz/sqldoc/sqlopt/sql%E4%BC%98%E5%8C%961/'><i class="icon icon-post"></i>sql优化1</a></li>
    
</ul>

        </nav>
        <main class="main">
            <article class="article">
    <h2 class="title"><a href='/mjczz/sqldoc/sqlopt/sql%E4%BC%98%E5%8C%965/' class="btn">sql优化5</a></h2>
    <div class="article-meta clearfix">
        <ul class="dates clearfix left control">
            <li><i class="icon icon-date"></i></li>
            <li class="publish-date">
                <time datetime="2019.06.04">2019.06.04</time>
            </li>
        </ul>
        
        
    </div>
    <div class="content">
        
        

<h3 id="业务场景">业务场景</h3>

<p>资源在校区首次来源</p>

<h3 id="原sql">原sql</h3>

<pre><code class="language-sql">SELECT ncl.source_from FROM nice_crm2_log AS ncl
WHERE ncl.source_from &gt; 0 AND ncl.student_id = '288599' AND ncl.campus = '202'
ORDER BY ncl. ID DESC
LIMIT 1 OFFSET 0
</code></pre>

<h3 id="查询计划分析">查询计划分析</h3>

<pre><code class="language-sql">Limit  (cost=30137.63..30137.64 rows=1 width=6) (actual time=237.177..237.178 rows=1 loops=1)
  -&gt;  Sort  (cost=30137.63..30137.64 rows=1 width=6) (actual time=237.175..237.175 rows=1 loops=1)
        Sort Key: id DESC
        Sort Method: quicksort  Memory: 25kB
        -&gt;  Seq Scan on nice_crm2_log ncl  (cost=0.00..30137.62 rows=1 width=6) (actual time=218.135..237.161 rows=1 loops=1)
              Filter: ((source_from &gt; 0) AND (student_id = 288599) AND (campus = '202'::smallint))
              Rows Removed by Filter: 1166606
Planning time: 0.165 ms
Execution time: 237.204 ms
</code></pre>

<h3 id="根据查询计划分析出">根据查询计划分析出</h3>

<p>1. 进行了全表扫描，没有键索引,要在student_id上建索引
2. where条件顺序需要优化</p>

<pre><code class="language-sql">-- 在student_id上建立索引
CREATE INDEX  CONCURRENTLY  &quot;student_id_idx&quot; ON &quot;public&quot;.&quot;nice_crm2_log&quot; USING btree (&quot;student_id&quot;);
</code></pre>

<h3 id="优化后的sql">优化后的sql</h3>

<pre><code class="language-sql">SELECT ncl.source_from FROM	nice_crm2_log AS ncl
WHERE ncl.student_id = '288599' AND ncl.campus = '202' and ncl.source_from &gt; 0
ORDER BY ncl. ID DESC
LIMIT 1 OFFSET 0
</code></pre>

<h3 id="优化后的sql查询计划分析">优化后的sql查询计划分析</h3>

<pre><code class="language-sql">Limit  (cost=12.05..12.05 rows=1 width=6) (actual time=0.031..0.031 rows=1 loops=1)
  -&gt;  Sort  (cost=12.05..12.05 rows=1 width=6) (actual time=0.030..0.030 rows=1 loops=1)
        Sort Key: id DESC
        Sort Method: quicksort  Memory: 25kB
        -&gt;  Index Scan using student_id_idx on nice_crm2_log ncl  (cost=0.43..12.04 rows=1 width=6) (actual time=0.021..0.021 rows=1 loops=1)
              Index Cond: (student_id = 288599)
              Filter: ((source_from &gt; 0) AND (campus = '202'::smallint))
Planning time: 0.112 ms
Execution time: 0.058 ms
</code></pre>

<h3 id="结论-效率提升4000多倍">结论，效率提升4000多倍</h3>

        
    </div>

</article>
<section class="comment">
    <p class="local-info">
        Comment is disabled to avoid unwanted discussions from 'localhost:1313' on your Disqus
        account...
    </p>
    <div id="disqus_thread"></div>
</section>
<script type="text/javascript">

    (function () {
        if (window.location.hostname == "localhost") {
            return
        }
        document.querySelector('.local-info').classList.add('hide')

        let dsq = document.createElement('script')
        dsq.type = 'text/javascript'
        dsq.async = true
        let disqus_shortname = 'mjczz'
        dsq.src = 'https://' + disqus_shortname + '.disqus.com/embed.js';
        (document.getElementsByTagName('head')[0] || document.getElementsByTagName('body')[0]).appendChild(dsq)
    })()
</script>


        </main>
    </div>
    <footer class="footer clearfix">
    <ul class="control social clearfix">
        <li><a class="author btn" href="#">Ziox</a></li>
        
        
        <li>
            <a class="icon-link btn" href="%20"><i class="icon behance"></i></a>
        </li>
        
        
        
        <li>
            <a class="icon-link btn" href="%20"><i class="icon email"></i></a>
        </li>
        
        
        
        <li>
            <a class="icon-link btn" href="%20"><i class="icon facebook"></i></a>
        </li>
        
        
        
        <li>
            <a class="icon-link btn" href="%20"><i class="icon github"></i></a>
        </li>
        
        
        
        <li>
            <a class="icon-link btn" href="%20"><i class="icon twitter"></i></a>
        </li>
        
        
        <li>
            <a class="icon-link btn" href="https://github.com/mjczz/sqldoc/index.xml" type="application/rss+xml" title="rss">
                <i class="rss icon"></i></a>
        </li>
    </ul>

    <ul class="control status clearfix">
        <li><a href="#" class="btn">Posts:
                2</a>
        </li>
        <li><a href="#" class="btn">Pages:
                0</a></li>
        <li><a href="#" class="btn">en</a></li>
        <li><a href="https://gohugo.io" class="btn">Hugo, 0.55.6</a></li>
        <li><a href="https://github.com/jacobsun/edidor" class="btn">主题: Edidor</a></li>
        <li>
            
                <a href="#" class="btn">Last build: <time
                    datetime="2019-05-18">2019-05-18</time>
                </a>
            
        </li>
    </ul>
</footer>
<div class="dialog">
    <div class="wrapper">
        <div class="clearfix"><button class="btn close-dialog">X</button></div>
        <header>
            <h1 class="title">Theme Name</h1>
        </header>
        <main>
            <div class="clearfix">
                <label for="theme-name">
                    <p>Only English Character, space, hyphen are allowed!</p>
                    <p>Valid name examples: "custom", "fantastic theme", "my-theme"</p>
                    <p>Invalid name examles: "我的主题", ":)", "123"</p>
                </label>
                <input type="text" name="theme-name" id="theme-name">
            </div>
            <div class="clearfix">
                <button class="btn export">Export</button>
            </div>

        </main>
        <footer></footer>
    </div>
</div>

    <script src="https://github.com/mjczz/sqldoc/js/main.js"></script>



<script src="https://cdnjs.cloudflare.com/ajax/libs/highlight.js/9.15.6/highlight.min.js"></script>

<script>hljs.initHighlightingOnLoad();</script>

<script type="application/javascript">
var doNotTrack = false;
if (!doNotTrack) {
	window.ga=window.ga||function(){(ga.q=ga.q||[]).push(arguments)};ga.l=+new Date;
	ga('create', 'your ga id', 'auto');
	
	ga('send', 'pageview');
}
</script>
<script async src='https://www.google-analytics.com/analytics.js'></script>

</body>

</html>
